# Logfile created on 2025-04-04 14:05:55 -0400 by logger.rb/v1.6.4
I, [2025-04-04T14:05:55.488919 #11789]  INFO -- : {"@timestamp":"2025-04-04 14:05:55 -0400","@version":1,"content_length":"-","http_method":"GET","message":"[HTTParty] 200 \"GET https://api-na.hosted.exlibrisgroup.com/primo/v1/search\" - ","path":"https://api-na.hosted.exlibrisgroup.com/primo/v1/search","response_code":200,"severity":"info","tags":["HTTParty"]}
E, [2025-04-04T14:05:55.489872 #11789] ERROR -- : uninitialized constant Primo::Search::OpenStruct
I, [2025-04-04T14:05:55.491547 #11789]  INFO -- : {"@timestamp":"2025-04-04 14:05:55 -0400","@version":1,"content_length":"-","http_method":"GET","message":"[HTTParty] 200 \"GET https://api-na.hosted.exlibrisgroup.com/primo/v1/search\" - ","path":"https://api-na.hosted.exlibrisgroup.com/primo/v1/search","response_code":200,"severity":"info","tags":["HTTParty"]}
E, [2025-04-04T14:05:55.492221 #11789] ERROR -- : uninitialized constant Primo::Search::OpenStruct
I, [2025-04-04T14:05:55.564127 #11789]  INFO -- : {"@timestamp":"2025-04-04 14:05:55 -0400","@version":1,"content_length":"-","http_method":"GET","message":"[HTTParty] 200 \"GET https://api-na.hosted.exlibrisgroup.com/primo/v1/search\" - ","path":"https://api-na.hosted.exlibrisgroup.com/primo/v1/search","response_code":200,"severity":"info","tags":["HTTParty"]}
E, [2025-04-04T14:05:55.564920 #11789] ERROR -- : uninitialized constant Primo::Search::OpenStruct
I, [2025-04-04T14:05:55.579793 #11789]  INFO -- : {"@timestamp":"2025-04-04 14:05:55 -0400","@version":1,"content_length":"-","http_method":"GET","message":"[HTTParty] 200 \"GET https://api-na.hosted.exlibrisgroup.com/primo/v1/search\" - ","path":"https://api-na.hosted.exlibrisgroup.com/primo/v1/search","response_code":200,"severity":"info","tags":["HTTParty"]}
E, [2025-04-04T14:05:55.580448 #11789] ERROR -- : uninitialized constant Primo::Search::OpenStruct
I, [2025-04-04T14:05:55.581743 #11789]  INFO -- : {"@timestamp":"2025-04-04 14:05:55 -0400","@version":1,"content_length":"-","http_method":"GET","message":"[HTTParty] 200 \"GET https://api-na.hosted.exlibrisgroup.com/primo/v1/search\" - ","path":"https://api-na.hosted.exlibrisgroup.com/primo/v1/search","response_code":200,"severity":"info","tags":["HTTParty"]}
E, [2025-04-04T14:05:55.582328 #11789] ERROR -- : uninitialized constant Primo::Search::OpenStruct
I, [2025-04-04T14:05:55.583355 #11789]  INFO -- : {"@timestamp":"2025-04-04 14:05:55 -0400","@version":1,"content_length":"-","http_method":"GET","message":"[HTTParty] 200 \"GET https://api-na.hosted.exlibrisgroup.com/primo/v1/search\" - ","path":"https://api-na.hosted.exlibrisgroup.com/primo/v1/search","response_code":200,"severity":"info","tags":["HTTParty"]}
E, [2025-04-04T14:05:55.583900 #11789] ERROR -- : uninitialized constant Primo::Search::OpenStruct
I, [2025-04-04T14:05:55.584742 #11789]  INFO -- : {"@timestamp":"2025-04-04 14:05:55 -0400","@version":1,"content_length":"-","http_method":"GET","message":"[HTTParty] 200 \"GET https://api-na.hosted.exlibrisgroup.com/primo/v1/search\" - ","path":"https://api-na.hosted.exlibrisgroup.com/primo/v1/search","response_code":200,"severity":"info","tags":["HTTParty"]}
E, [2025-04-04T14:05:55.585283 #11789] ERROR -- : uninitialized constant Primo::Search::OpenStruct
I, [2025-04-04T14:05:55.587639 #11789]  INFO -- : {"@timestamp":"2025-04-04 14:05:55 -0400","@version":1,"content_length":"-","http_method":"GET","message":"[HTTParty] 200 \"GET https://api-na.hosted.exlibrisgroup.com/primo/v1/search\" - ","path":"https://api-na.hosted.exlibrisgroup.com/primo/v1/search","response_code":200,"severity":"info","tags":["HTTParty"]}
E, [2025-04-04T14:05:55.588153 #11789] ERROR -- : uninitialized constant Primo::Search::OpenStruct
I, [2025-04-04T14:05:55.589190 #11789]  INFO -- : {"@timestamp":"2025-04-04 14:05:55 -0400","@version":1,"content_length":"-","http_method":"GET","message":"[HTTParty] 200 \"GET https://api-na.hosted.exlibrisgroup.com/primo/v1/search\" - ","path":"https://api-na.hosted.exlibrisgroup.com/primo/v1/search","response_code":200,"severity":"info","tags":["HTTParty"]}
E, [2025-04-04T14:05:55.589697 #11789] ERROR -- : uninitialized constant Primo::Search::OpenStruct
I, [2025-04-04T14:05:55.590622 #11789]  INFO -- : {"@timestamp":"2025-04-04 14:05:55 -0400","@version":1,"content_length":"-","http_method":"GET","message":"[HTTParty] 200 \"GET https://api-na.hosted.exlibrisgroup.com/primo/v1/search\" - ","path":"https://api-na.hosted.exlibrisgroup.com/primo/v1/search","response_code":200,"severity":"info","tags":["HTTParty"]}
E, [2025-04-04T14:05:55.591106 #11789] ERROR -- : uninitialized constant Primo::Search::OpenStruct
I, [2025-04-04T14:05:55.659065 #11789]  INFO -- : {"@timestamp":"2025-04-04 14:05:55 -0400","@version":1,"content_length":"-","http_method":"GET","message":"[HTTParty] 400 \"GET https://www.foobar.com/primo/v1/search\" - ","path":"https://www.foobar.com/primo/v1/search","response_code":400,"severity":"info","tags":["HTTParty"]}
E, [2025-04-04T14:05:55.659199 #11789] ERROR -- : Attempting to work with an invalid response: 400
Endpoint: https://www.foobar.com/primo/v1/search?apikey=TEST_API_KEY&vid=&scope=&q=title%2Ccontains%2Cotter%2COR&pcAvailability=false
I, [2025-04-04T14:05:55.660575 #11789]  INFO -- : {"@timestamp":"2025-04-04 14:05:55 -0400","@version":1,"content_length":"-","http_method":"GET","message":"[HTTParty] 400 \"GET https://www.foobar.com/primo/v1/search\" - ","path":"https://www.foobar.com/primo/v1/search","response_code":400,"severity":"info","tags":["HTTParty"]}
E, [2025-04-04T14:05:55.660680 #11789] ERROR -- : Attempting to work with an invalid response: 400
Endpoint: https://www.foobar.com/primo/v1/search?apikey=TEST_API_KEY&vid=&scope=&q=title%2Ccontains%2Cotter%2COR&pcAvailability=false
I, [2025-04-04T14:05:55.661922 #11789]  INFO -- : {"@timestamp":"2025-04-04 14:05:55 -0400","@version":1,"content_length":"-","http_method":"GET","message":"[HTTParty] 500 \"GET https://www.foobar.com/primo/v1/search\" - ","path":"https://www.foobar.com/primo/v1/search","response_code":500,"severity":"info","tags":["HTTParty"]}
E, [2025-04-04T14:05:55.662024 #11789] ERROR -- : Attempting to work with an invalid response: 500
Endpoint: https://www.foobar.com/primo/v1/search?apikey=TEST_API_KEY&vid=&scope=&q=title%2Ccontains%2Cotter%2COR&pcAvailability=false
E, [2025-04-04T14:05:55.674121 #11789] ERROR -- : Error
I, [2025-04-04T14:05:55.695856 #11789]  INFO -- : {"@timestamp":"2025-04-04 14:05:55 -0400","@version":1,"content_length":"-","http_method":"GET","message":"[HTTParty] 200 \"GET https://api-na.hosted.exlibrisgroup.com/primo/v1/search\" - ","path":"https://api-na.hosted.exlibrisgroup.com/primo/v1/search","response_code":200,"severity":"info","tags":["HTTParty"]}
I, [2025-04-04T14:05:55.697881 #11789]  INFO -- : {"@timestamp":"2025-04-04 14:05:55 -0400","@version":1,"content_length":"-","http_method":"GET","message":"[HTTParty] 200 \"GET https://api-na.hosted.exlibrisgroup.com/primo/v1/search\" - ","path":"https://api-na.hosted.exlibrisgroup.com/primo/v1/search","response_code":200,"severity":"info","tags":["HTTParty"]}
I, [2025-04-04T14:05:55.699248 #11789]  INFO -- : {"@timestamp":"2025-04-04 14:05:55 -0400","@version":1,"content_length":"-","http_method":"GET","message":"[HTTParty] 200 \"GET https://api-na.hosted.exlibrisgroup.com/primo/v1/search\" - ","path":"https://api-na.hosted.exlibrisgroup.com/primo/v1/search","response_code":200,"severity":"info","tags":["HTTParty"]}
I, [2025-04-04T14:05:55.701614 #11789]  INFO -- : {"@timestamp":"2025-04-04 14:05:55 -0400","@version":1,"content_length":"-","http_method":"GET","message":"[HTTParty] 200 \"GET https://api-na.hosted.exlibrisgroup.com/primo/v1/search\" - ","path":"https://api-na.hosted.exlibrisgroup.com/primo/v1/search","response_code":200,"severity":"info","tags":["HTTParty"]}
I, [2025-04-04T14:05:55.705056 #11789]  INFO -- : {"@timestamp":"2025-04-04 14:05:55 -0400","@version":1,"content_length":"-","http_method":"GET","message":"[HTTParty] 200 \"GET https://api-na.hosted.exlibrisgroup.com/primo/v1/search\" - ","path":"https://api-na.hosted.exlibrisgroup.com/primo/v1/search","response_code":200,"severity":"info","tags":["HTTParty"]}
I, [2025-04-04T14:05:55.706702 #11789]  INFO -- : {"@timestamp":"2025-04-04 14:05:55 -0400","@version":1,"content_length":"-","http_method":"GET","message":"[HTTParty] 200 \"GET https://api-na.hosted.exlibrisgroup.com/primo/v1/search\" - ","path":"https://api-na.hosted.exlibrisgroup.com/primo/v1/search","response_code":200,"severity":"info","tags":["HTTParty"]}
I, [2025-04-04T14:05:55.708535 #11789]  INFO -- : {"@timestamp":"2025-04-04 14:05:55 -0400","@version":1,"content_length":"-","http_method":"GET","message":"[HTTParty] 200 \"GET https://api-na.hosted.exlibrisgroup.com/primo/v1/search\" - ","path":"https://api-na.hosted.exlibrisgroup.com/primo/v1/search","response_code":200,"severity":"info","tags":["HTTParty"]}
I, [2025-04-04T14:05:55.709882 #11789]  INFO -- : {"@timestamp":"2025-04-04 14:05:55 -0400","@version":1,"content_length":"-","http_method":"GET","message":"[HTTParty] 200 \"GET https://api-na.hosted.exlibrisgroup.com/primo/v1/search\" - ","path":"https://api-na.hosted.exlibrisgroup.com/primo/v1/search","response_code":200,"severity":"info","tags":["HTTParty"]}
I, [2025-04-04T14:05:55.711299 #11789]  INFO -- : {"@timestamp":"2025-04-04 14:05:55 -0400","@version":1,"content_length":"-","http_method":"GET","message":"[HTTParty] 200 \"GET https://api-na.hosted.exlibrisgroup.com/primo/v1/search\" - ","path":"https://api-na.hosted.exlibrisgroup.com/primo/v1/search","response_code":200,"severity":"info","tags":["HTTParty"]}
I, [2025-04-04T14:05:55.713671 #11789]  INFO -- : {"@timestamp":"2025-04-04 14:05:55 -0400","@version":1,"content_length":"-","http_method":"GET","message":"[HTTParty] 200 \"GET https://api-na.hosted.exlibrisgroup.com/primo/v1/search\" - ","path":"https://api-na.hosted.exlibrisgroup.com/primo/v1/search","response_code":200,"severity":"info","tags":["HTTParty"]}
I, [2025-04-04T14:05:55.714996 #11789]  INFO -- : {"@timestamp":"2025-04-04 14:05:55 -0400","@version":1,"content_length":"-","http_method":"GET","message":"[HTTParty] 200 \"GET https://api-na.hosted.exlibrisgroup.com/primo/v1/search\" - ","path":"https://api-na.hosted.exlibrisgroup.com/primo/v1/search","response_code":200,"severity":"info","tags":["HTTParty"]}
I, [2025-04-04T14:05:55.716212 #11789]  INFO -- : {"@timestamp":"2025-04-04 14:05:55 -0400","@version":1,"content_length":"-","http_method":"GET","message":"[HTTParty] 200 \"GET https://api-na.hosted.exlibrisgroup.com/primo/v1/search\" - ","path":"https://api-na.hosted.exlibrisgroup.com/primo/v1/search","response_code":200,"severity":"info","tags":["HTTParty"]}
I, [2025-04-04T14:05:55.725505 #11789]  INFO -- : {"@timestamp":"2025-04-04 14:05:55 -0400","@version":1,"content_length":"-","http_method":"GET","message":"[HTTParty] 200 \"GET https://api-na.hosted.exlibrisgroup.com/primo/v1/search\" - ","path":"https://api-na.hosted.exlibrisgroup.com/primo/v1/search","response_code":200,"severity":"info","tags":["HTTParty"]}
I, [2025-04-04T14:05:55.726524 #11789]  INFO -- : {"@timestamp":"2025-04-04 14:05:55 -0400","@version":1,"content_length":"-","http_method":"GET","message":"[HTTParty] 200 \"GET https://api-na.hosted.exlibrisgroup.com/primo/v1/search\" - ","path":"https://api-na.hosted.exlibrisgroup.com/primo/v1/search","response_code":200,"severity":"info","tags":["HTTParty"]}
I, [2025-04-04T14:05:55.727405 #11789]  INFO -- : {"@timestamp":"2025-04-04 14:05:55 -0400","@version":1,"content_length":"-","http_method":"GET","message":"[HTTParty] 200 \"GET https://api-na.hosted.exlibrisgroup.com/primo/v1/search\" - ","path":"https://api-na.hosted.exlibrisgroup.com/primo/v1/search","response_code":200,"severity":"info","tags":["HTTParty"]}
I, [2025-04-04T14:05:55.743470 #11789]  INFO -- : {"@timestamp":"2025-04-04 14:05:55 -0400","@version":1,"content_length":"-","http_method":"GET","message":"[HTTParty] 200 \"GET https://api-na.hosted.exlibrisgroup.com/primo/v1/search\" - ","path":"https://api-na.hosted.exlibrisgroup.com/primo/v1/search","response_code":200,"severity":"info","tags":["HTTParty"]}
E, [2025-04-04T14:05:55.743754 #11789] ERROR -- : uninitialized constant Primo::Search::OpenStruct
I, [2025-04-04T14:05:55.745093 #11789]  INFO -- : {"@timestamp":"2025-04-04 14:05:55 -0400","@version":1,"content_length":"-","http_method":"GET","message":"[HTTParty] 200 \"GET https://api-na.hosted.exlibrisgroup.com/primo/v1/search\" - ","path":"https://api-na.hosted.exlibrisgroup.com/primo/v1/search","response_code":200,"severity":"info","tags":["HTTParty"]}
E, [2025-04-04T14:05:55.745360 #11789] ERROR -- : uninitialized constant Primo::Search::OpenStruct
I, [2025-04-04T14:05:55.746873 #11789]  INFO -- : {"@timestamp":"2025-04-04 14:05:55 -0400","@version":1,"content_length":"-","http_method":"GET","message":"[HTTParty] 200 \"GET https://api-na.hosted.exlibrisgroup.com/primo/v1/search\" - ","path":"https://api-na.hosted.exlibrisgroup.com/primo/v1/search","response_code":200,"severity":"info","tags":["HTTParty"]}
E, [2025-04-04T14:05:55.747076 #11789] ERROR -- : uninitialized constant Primo::Search::OpenStruct
I, [2025-04-04T14:05:55.748386 #11789]  INFO -- : {"@timestamp":"2025-04-04 14:05:55 -0400","@version":1,"content_length":"-","http_method":"GET","message":"[HTTParty] 200 \"GET https://api-na.hosted.exlibrisgroup.com/primo/v1/search\" - ","path":"https://api-na.hosted.exlibrisgroup.com/primo/v1/search","response_code":200,"severity":"info","tags":["HTTParty"]}
E, [2025-04-04T14:05:55.748601 #11789] ERROR -- : uninitialized constant Primo::Search::OpenStruct
I, [2025-04-04T14:06:50.945117 #11832]  INFO -- : {"@timestamp":"2025-04-04 14:06:50 -0400","@version":1,"content_length":"-","http_method":"GET","message":"[HTTParty] 200 \"GET https://api-na.hosted.exlibrisgroup.com/primo/v1/search\" - ","path":"https://api-na.hosted.exlibrisgroup.com/primo/v1/search","response_code":200,"severity":"info","tags":["HTTParty"]}
E, [2025-04-04T14:06:50.946103 #11832] ERROR -- : uninitialized constant Primo::Search::OpenStruct
I, [2025-04-04T14:06:50.948056 #11832]  INFO -- : {"@timestamp":"2025-04-04 14:06:50 -0400","@version":1,"content_length":"-","http_method":"GET","message":"[HTTParty] 200 \"GET https://api-na.hosted.exlibrisgroup.com/primo/v1/search\" - ","path":"https://api-na.hosted.exlibrisgroup.com/primo/v1/search","response_code":200,"severity":"info","tags":["HTTParty"]}
E, [2025-04-04T14:06:50.948620 #11832] ERROR -- : uninitialized constant Primo::Search::OpenStruct
I, [2025-04-04T14:06:50.962977 #11832]  INFO -- : {"@timestamp":"2025-04-04 14:06:50 -0400","@version":1,"content_length":"-","http_method":"GET","message":"[HTTParty] 200 \"GET https://api-na.hosted.exlibrisgroup.com/primo/v1/search\" - ","path":"https://api-na.hosted.exlibrisgroup.com/primo/v1/search","response_code":200,"severity":"info","tags":["HTTParty"]}
E, [2025-04-04T14:06:50.963590 #11832] ERROR -- : uninitialized constant Primo::Search::OpenStruct
I, [2025-04-04T14:06:50.978228 #11832]  INFO -- : {"@timestamp":"2025-04-04 14:06:50 -0400","@version":1,"content_length":"-","http_method":"GET","message":"[HTTParty] 200 \"GET https://api-na.hosted.exlibrisgroup.com/primo/v1/search\" - ","path":"https://api-na.hosted.exlibrisgroup.com/primo/v1/search","response_code":200,"severity":"info","tags":["HTTParty"]}
E, [2025-04-04T14:06:50.978806 #11832] ERROR -- : uninitialized constant Primo::Search::OpenStruct
I, [2025-04-04T14:06:50.979896 #11832]  INFO -- : {"@timestamp":"2025-04-04 14:06:50 -0400","@version":1,"content_length":"-","http_method":"GET","message":"[HTTParty] 200 \"GET https://api-na.hosted.exlibrisgroup.com/primo/v1/search\" - ","path":"https://api-na.hosted.exlibrisgroup.com/primo/v1/search","response_code":200,"severity":"info","tags":["HTTParty"]}
E, [2025-04-04T14:06:50.980390 #11832] ERROR -- : uninitialized constant Primo::Search::OpenStruct
I, [2025-04-04T14:06:50.981552 #11832]  INFO -- : {"@timestamp":"2025-04-04 14:06:50 -0400","@version":1,"content_length":"-","http_method":"GET","message":"[HTTParty] 200 \"GET https://api-na.hosted.exlibrisgroup.com/primo/v1/search\" - ","path":"https://api-na.hosted.exlibrisgroup.com/primo/v1/search","response_code":200,"severity":"info","tags":["HTTParty"]}
E, [2025-04-04T14:06:50.982109 #11832] ERROR -- : uninitialized constant Primo::Search::OpenStruct
I, [2025-04-04T14:06:50.983000 #11832]  INFO -- : {"@timestamp":"2025-04-04 14:06:50 -0400","@version":1,"content_length":"-","http_method":"GET","message":"[HTTParty] 200 \"GET https://api-na.hosted.exlibrisgroup.com/primo/v1/search\" - ","path":"https://api-na.hosted.exlibrisgroup.com/primo/v1/search","response_code":200,"severity":"info","tags":["HTTParty"]}
E, [2025-04-04T14:06:50.983575 #11832] ERROR -- : uninitialized constant Primo::Search::OpenStruct
I, [2025-04-04T14:06:50.986264 #11832]  INFO -- : {"@timestamp":"2025-04-04 14:06:50 -0400","@version":1,"content_length":"-","http_method":"GET","message":"[HTTParty] 200 \"GET https://api-na.hosted.exlibrisgroup.com/primo/v1/search\" - ","path":"https://api-na.hosted.exlibrisgroup.com/primo/v1/search","response_code":200,"severity":"info","tags":["HTTParty"]}
E, [2025-04-04T14:06:50.986796 #11832] ERROR -- : uninitialized constant Primo::Search::OpenStruct
I, [2025-04-04T14:06:50.987869 #11832]  INFO -- : {"@timestamp":"2025-04-04 14:06:50 -0400","@version":1,"content_length":"-","http_method":"GET","message":"[HTTParty] 200 \"GET https://api-na.hosted.exlibrisgroup.com/primo/v1/search\" - ","path":"https://api-na.hosted.exlibrisgroup.com/primo/v1/search","response_code":200,"severity":"info","tags":["HTTParty"]}
E, [2025-04-04T14:06:50.988352 #11832] ERROR -- : uninitialized constant Primo::Search::OpenStruct
I, [2025-04-04T14:06:50.989274 #11832]  INFO -- : {"@timestamp":"2025-04-04 14:06:50 -0400","@version":1,"content_length":"-","http_method":"GET","message":"[HTTParty] 200 \"GET https://api-na.hosted.exlibrisgroup.com/primo/v1/search\" - ","path":"https://api-na.hosted.exlibrisgroup.com/primo/v1/search","response_code":200,"severity":"info","tags":["HTTParty"]}
E, [2025-04-04T14:06:50.989774 #11832] ERROR -- : uninitialized constant Primo::Search::OpenStruct
I, [2025-04-04T14:06:51.003367 #11832]  INFO -- : {"@timestamp":"2025-04-04 14:06:51 -0400","@version":1,"content_length":"-","http_method":"GET","message":"[HTTParty] 400 \"GET https://www.foobar.com/primo/v1/search\" - ","path":"https://www.foobar.com/primo/v1/search","response_code":400,"severity":"info","tags":["HTTParty"]}
E, [2025-04-04T14:06:51.003473 #11832] ERROR -- : Attempting to work with an invalid response: 400
Endpoint: https://www.foobar.com/primo/v1/search?apikey=TEST_API_KEY&vid=&scope=&q=title%2Ccontains%2Cotter%2COR&pcAvailability=false
I, [2025-04-04T14:06:51.004489 #11832]  INFO -- : {"@timestamp":"2025-04-04 14:06:51 -0400","@version":1,"content_length":"-","http_method":"GET","message":"[HTTParty] 400 \"GET https://www.foobar.com/primo/v1/search\" - ","path":"https://www.foobar.com/primo/v1/search","response_code":400,"severity":"info","tags":["HTTParty"]}
E, [2025-04-04T14:06:51.004606 #11832] ERROR -- : Attempting to work with an invalid response: 400
Endpoint: https://www.foobar.com/primo/v1/search?apikey=TEST_API_KEY&vid=&scope=&q=title%2Ccontains%2Cotter%2COR&pcAvailability=false
I, [2025-04-04T14:06:51.005565 #11832]  INFO -- : {"@timestamp":"2025-04-04 14:06:51 -0400","@version":1,"content_length":"-","http_method":"GET","message":"[HTTParty] 500 \"GET https://www.foobar.com/primo/v1/search\" - ","path":"https://www.foobar.com/primo/v1/search","response_code":500,"severity":"info","tags":["HTTParty"]}
E, [2025-04-04T14:06:51.005648 #11832] ERROR -- : Attempting to work with an invalid response: 500
Endpoint: https://www.foobar.com/primo/v1/search?apikey=TEST_API_KEY&vid=&scope=&q=title%2Ccontains%2Cotter%2COR&pcAvailability=false
E, [2025-04-04T14:06:51.013645 #11832] ERROR -- : Error
I, [2025-04-04T14:06:51.020606 #11832]  INFO -- : {"@timestamp":"2025-04-04 14:06:51 -0400","@version":1,"content_length":"-","http_method":"GET","message":"[HTTParty] 200 \"GET https://api-na.hosted.exlibrisgroup.com/primo/v1/search\" - ","path":"https://api-na.hosted.exlibrisgroup.com/primo/v1/search","response_code":200,"severity":"info","tags":["HTTParty"]}
I, [2025-04-04T14:06:51.021792 #11832]  INFO -- : {"@timestamp":"2025-04-04 14:06:51 -0400","@version":1,"content_length":"-","http_method":"GET","message":"[HTTParty] 200 \"GET https://api-na.hosted.exlibrisgroup.com/primo/v1/search\" - ","path":"https://api-na.hosted.exlibrisgroup.com/primo/v1/search","response_code":200,"severity":"info","tags":["HTTParty"]}
I, [2025-04-04T14:06:51.023076 #11832]  INFO -- : {"@timestamp":"2025-04-04 14:06:51 -0400","@version":1,"content_length":"-","http_method":"GET","message":"[HTTParty] 200 \"GET https://api-na.hosted.exlibrisgroup.com/primo/v1/search\" - ","path":"https://api-na.hosted.exlibrisgroup.com/primo/v1/search","response_code":200,"severity":"info","tags":["HTTParty"]}
I, [2025-04-04T14:06:51.025228 #11832]  INFO -- : {"@timestamp":"2025-04-04 14:06:51 -0400","@version":1,"content_length":"-","http_method":"GET","message":"[HTTParty] 200 \"GET https://api-na.hosted.exlibrisgroup.com/primo/v1/search\" - ","path":"https://api-na.hosted.exlibrisgroup.com/primo/v1/search","response_code":200,"severity":"info","tags":["HTTParty"]}
I, [2025-04-04T14:06:51.028363 #11832]  INFO -- : {"@timestamp":"2025-04-04 14:06:51 -0400","@version":1,"content_length":"-","http_method":"GET","message":"[HTTParty] 200 \"GET https://api-na.hosted.exlibrisgroup.com/primo/v1/search\" - ","path":"https://api-na.hosted.exlibrisgroup.com/primo/v1/search","response_code":200,"severity":"info","tags":["HTTParty"]}
I, [2025-04-04T14:06:51.029890 #11832]  INFO -- : {"@timestamp":"2025-04-04 14:06:51 -0400","@version":1,"content_length":"-","http_method":"GET","message":"[HTTParty] 200 \"GET https://api-na.hosted.exlibrisgroup.com/primo/v1/search\" - ","path":"https://api-na.hosted.exlibrisgroup.com/primo/v1/search","response_code":200,"severity":"info","tags":["HTTParty"]}
I, [2025-04-04T14:06:51.032003 #11832]  INFO -- : {"@timestamp":"2025-04-04 14:06:51 -0400","@version":1,"content_length":"-","http_method":"GET","message":"[HTTParty] 200 \"GET https://api-na.hosted.exlibrisgroup.com/primo/v1/search\" - ","path":"https://api-na.hosted.exlibrisgroup.com/primo/v1/search","response_code":200,"severity":"info","tags":["HTTParty"]}
I, [2025-04-04T14:06:51.033190 #11832]  INFO -- : {"@timestamp":"2025-04-04 14:06:51 -0400","@version":1,"content_length":"-","http_method":"GET","message":"[HTTParty] 200 \"GET https://api-na.hosted.exlibrisgroup.com/primo/v1/search\" - ","path":"https://api-na.hosted.exlibrisgroup.com/primo/v1/search","response_code":200,"severity":"info","tags":["HTTParty"]}
I, [2025-04-04T14:06:51.034489 #11832]  INFO -- : {"@timestamp":"2025-04-04 14:06:51 -0400","@version":1,"content_length":"-","http_method":"GET","message":"[HTTParty] 200 \"GET https://api-na.hosted.exlibrisgroup.com/primo/v1/search\" - ","path":"https://api-na.hosted.exlibrisgroup.com/primo/v1/search","response_code":200,"severity":"info","tags":["HTTParty"]}
I, [2025-04-04T14:06:51.036404 #11832]  INFO -- : {"@timestamp":"2025-04-04 14:06:51 -0400","@version":1,"content_length":"-","http_method":"GET","message":"[HTTParty] 200 \"GET https://api-na.hosted.exlibrisgroup.com/primo/v1/search\" - ","path":"https://api-na.hosted.exlibrisgroup.com/primo/v1/search","response_code":200,"severity":"info","tags":["HTTParty"]}
I, [2025-04-04T14:06:51.037447 #11832]  INFO -- : {"@timestamp":"2025-04-04 14:06:51 -0400","@version":1,"content_length":"-","http_method":"GET","message":"[HTTParty] 200 \"GET https://api-na.hosted.exlibrisgroup.com/primo/v1/search\" - ","path":"https://api-na.hosted.exlibrisgroup.com/primo/v1/search","response_code":200,"severity":"info","tags":["HTTParty"]}
I, [2025-04-04T14:06:51.038544 #11832]  INFO -- : {"@timestamp":"2025-04-04 14:06:51 -0400","@version":1,"content_length":"-","http_method":"GET","message":"[HTTParty] 200 \"GET https://api-na.hosted.exlibrisgroup.com/primo/v1/search\" - ","path":"https://api-na.hosted.exlibrisgroup.com/primo/v1/search","response_code":200,"severity":"info","tags":["HTTParty"]}
I, [2025-04-04T14:06:51.042849 #11832]  INFO -- : {"@timestamp":"2025-04-04 14:06:51 -0400","@version":1,"content_length":"-","http_method":"GET","message":"[HTTParty] 200 \"GET https://api-na.hosted.exlibrisgroup.com/primo/v1/search\" - ","path":"https://api-na.hosted.exlibrisgroup.com/primo/v1/search","response_code":200,"severity":"info","tags":["HTTParty"]}
I, [2025-04-04T14:06:51.043602 #11832]  INFO -- : {"@timestamp":"2025-04-04 14:06:51 -0400","@version":1,"content_length":"-","http_method":"GET","message":"[HTTParty] 200 \"GET https://api-na.hosted.exlibrisgroup.com/primo/v1/search\" - ","path":"https://api-na.hosted.exlibrisgroup.com/primo/v1/search","response_code":200,"severity":"info","tags":["HTTParty"]}
I, [2025-04-04T14:06:51.044318 #11832]  INFO -- : {"@timestamp":"2025-04-04 14:06:51 -0400","@version":1,"content_length":"-","http_method":"GET","message":"[HTTParty] 200 \"GET https://api-na.hosted.exlibrisgroup.com/primo/v1/search\" - ","path":"https://api-na.hosted.exlibrisgroup.com/primo/v1/search","response_code":200,"severity":"info","tags":["HTTParty"]}
I, [2025-04-04T14:06:51.058169 #11832]  INFO -- : {"@timestamp":"2025-04-04 14:06:51 -0400","@version":1,"content_length":"-","http_method":"GET","message":"[HTTParty] 200 \"GET https://api-na.hosted.exlibrisgroup.com/primo/v1/search\" - ","path":"https://api-na.hosted.exlibrisgroup.com/primo/v1/search","response_code":200,"severity":"info","tags":["HTTParty"]}
E, [2025-04-04T14:06:51.058409 #11832] ERROR -- : uninitialized constant Primo::Search::OpenStruct
I, [2025-04-04T14:06:51.059438 #11832]  INFO -- : {"@timestamp":"2025-04-04 14:06:51 -0400","@version":1,"content_length":"-","http_method":"GET","message":"[HTTParty] 200 \"GET https://api-na.hosted.exlibrisgroup.com/primo/v1/search\" - ","path":"https://api-na.hosted.exlibrisgroup.com/primo/v1/search","response_code":200,"severity":"info","tags":["HTTParty"]}
E, [2025-04-04T14:06:51.060023 #11832] ERROR -- : uninitialized constant Primo::Search::OpenStruct
I, [2025-04-04T14:06:51.060809 #11832]  INFO -- : {"@timestamp":"2025-04-04 14:06:51 -0400","@version":1,"content_length":"-","http_method":"GET","message":"[HTTParty] 200 \"GET https://api-na.hosted.exlibrisgroup.com/primo/v1/search\" - ","path":"https://api-na.hosted.exlibrisgroup.com/primo/v1/search","response_code":200,"severity":"info","tags":["HTTParty"]}
E, [2025-04-04T14:06:51.060981 #11832] ERROR -- : uninitialized constant Primo::Search::OpenStruct
I, [2025-04-04T14:06:51.062042 #11832]  INFO -- : {"@timestamp":"2025-04-04 14:06:51 -0400","@version":1,"content_length":"-","http_method":"GET","message":"[HTTParty] 200 \"GET https://api-na.hosted.exlibrisgroup.com/primo/v1/search\" - ","path":"https://api-na.hosted.exlibrisgroup.com/primo/v1/search","response_code":200,"severity":"info","tags":["HTTParty"]}
E, [2025-04-04T14:06:51.062293 #11832] ERROR -- : uninitialized constant Primo::Search::OpenStruct
I, [2025-04-04T14:07:24.185196 #11882]  INFO -- : {"@timestamp":"2025-04-04 14:07:24 -0400","@version":1,"content_length":"-","http_method":"GET","message":"[HTTParty] 200 \"GET https://api-na.hosted.exlibrisgroup.com/primo/v1/search\" - ","path":"https://api-na.hosted.exlibrisgroup.com/primo/v1/search","response_code":200,"severity":"info","tags":["HTTParty"]}
I, [2025-04-04T14:07:24.191463 #11882]  INFO -- : {"@timestamp":"2025-04-04 14:07:24 -0400","@version":1,"content_length":"-","http_method":"GET","message":"[HTTParty] 200 \"GET https://api-na.hosted.exlibrisgroup.com/primo/v1/search\" - ","path":"https://api-na.hosted.exlibrisgroup.com/primo/v1/search","response_code":200,"severity":"info","tags":["HTTParty"]}
I, [2025-04-04T14:07:24.196477 #11882]  INFO -- : {"@timestamp":"2025-04-04 14:07:24 -0400","@version":1,"content_length":"-","http_method":"GET","message":"[HTTParty] 200 \"GET https://api-na.hosted.exlibrisgroup.com/primo/v1/search\" - ","path":"https://api-na.hosted.exlibrisgroup.com/primo/v1/search","response_code":200,"severity":"info","tags":["HTTParty"]}
I, [2025-04-04T14:07:24.212103 #11882]  INFO -- : {"@timestamp":"2025-04-04 14:07:24 -0400","@version":1,"content_length":"-","http_method":"GET","message":"[HTTParty] 200 \"GET https://api-na.hosted.exlibrisgroup.com/primo/v1/search\" - ","path":"https://api-na.hosted.exlibrisgroup.com/primo/v1/search","response_code":200,"severity":"info","tags":["HTTParty"]}
I, [2025-04-04T14:07:24.221827 #11882]  INFO -- : {"@timestamp":"2025-04-04 14:07:24 -0400","@version":1,"content_length":"-","http_method":"GET","message":"[HTTParty] 200 \"GET https://api-na.hosted.exlibrisgroup.com/primo/v1/search\" - ","path":"https://api-na.hosted.exlibrisgroup.com/primo/v1/search","response_code":200,"severity":"info","tags":["HTTParty"]}
I, [2025-04-04T14:07:24.227386 #11882]  INFO -- : {"@timestamp":"2025-04-04 14:07:24 -0400","@version":1,"content_length":"-","http_method":"GET","message":"[HTTParty] 200 \"GET https://api-na.hosted.exlibrisgroup.com/primo/v1/search\" - ","path":"https://api-na.hosted.exlibrisgroup.com/primo/v1/search","response_code":200,"severity":"info","tags":["HTTParty"]}
I, [2025-04-04T14:07:24.231708 #11882]  INFO -- : {"@timestamp":"2025-04-04 14:07:24 -0400","@version":1,"content_length":"-","http_method":"GET","message":"[HTTParty] 200 \"GET https://api-na.hosted.exlibrisgroup.com/primo/v1/search\" - ","path":"https://api-na.hosted.exlibrisgroup.com/primo/v1/search","response_code":200,"severity":"info","tags":["HTTParty"]}
I, [2025-04-04T14:07:24.236925 #11882]  INFO -- : {"@timestamp":"2025-04-04 14:07:24 -0400","@version":1,"content_length":"-","http_method":"GET","message":"[HTTParty] 200 \"GET https://api-na.hosted.exlibrisgroup.com/primo/v1/search\" - ","path":"https://api-na.hosted.exlibrisgroup.com/primo/v1/search","response_code":200,"severity":"info","tags":["HTTParty"]}
I, [2025-04-04T14:07:24.244939 #11882]  INFO -- : {"@timestamp":"2025-04-04 14:07:24 -0400","@version":1,"content_length":"-","http_method":"GET","message":"[HTTParty] 200 \"GET https://api-na.hosted.exlibrisgroup.com/primo/v1/search\" - ","path":"https://api-na.hosted.exlibrisgroup.com/primo/v1/search","response_code":200,"severity":"info","tags":["HTTParty"]}
I, [2025-04-04T14:07:24.250890 #11882]  INFO -- : {"@timestamp":"2025-04-04 14:07:24 -0400","@version":1,"content_length":"-","http_method":"GET","message":"[HTTParty] 200 \"GET https://api-na.hosted.exlibrisgroup.com/primo/v1/search\" - ","path":"https://api-na.hosted.exlibrisgroup.com/primo/v1/search","response_code":200,"severity":"info","tags":["HTTParty"]}
I, [2025-04-04T14:07:24.266964 #11882]  INFO -- : {"@timestamp":"2025-04-04 14:07:24 -0400","@version":1,"content_length":"-","http_method":"GET","message":"[HTTParty] 400 \"GET https://www.foobar.com/primo/v1/search\" - ","path":"https://www.foobar.com/primo/v1/search","response_code":400,"severity":"info","tags":["HTTParty"]}
E, [2025-04-04T14:07:24.267091 #11882] ERROR -- : Attempting to work with an invalid response: 400
Endpoint: https://www.foobar.com/primo/v1/search?apikey=TEST_API_KEY&vid=&scope=&q=title%2Ccontains%2Cotter%2COR&pcAvailability=false
I, [2025-04-04T14:07:24.268378 #11882]  INFO -- : {"@timestamp":"2025-04-04 14:07:24 -0400","@version":1,"content_length":"-","http_method":"GET","message":"[HTTParty] 400 \"GET https://www.foobar.com/primo/v1/search\" - ","path":"https://www.foobar.com/primo/v1/search","response_code":400,"severity":"info","tags":["HTTParty"]}
E, [2025-04-04T14:07:24.268473 #11882] ERROR -- : Attempting to work with an invalid response: 400
Endpoint: https://www.foobar.com/primo/v1/search?apikey=TEST_API_KEY&vid=&scope=&q=title%2Ccontains%2Cotter%2COR&pcAvailability=false
I, [2025-04-04T14:07:24.269568 #11882]  INFO -- : {"@timestamp":"2025-04-04 14:07:24 -0400","@version":1,"content_length":"-","http_method":"GET","message":"[HTTParty] 500 \"GET https://www.foobar.com/primo/v1/search\" - ","path":"https://www.foobar.com/primo/v1/search","response_code":500,"severity":"info","tags":["HTTParty"]}
E, [2025-04-04T14:07:24.269679 #11882] ERROR -- : Attempting to work with an invalid response: 500
Endpoint: https://www.foobar.com/primo/v1/search?apikey=TEST_API_KEY&vid=&scope=&q=title%2Ccontains%2Cotter%2COR&pcAvailability=false
E, [2025-04-04T14:07:24.278751 #11882] ERROR -- : Error
I, [2025-04-04T14:07:24.285163 #11882]  INFO -- : {"@timestamp":"2025-04-04 14:07:24 -0400","@version":1,"content_length":"-","http_method":"GET","message":"[HTTParty] 200 \"GET https://api-na.hosted.exlibrisgroup.com/primo/v1/search\" - ","path":"https://api-na.hosted.exlibrisgroup.com/primo/v1/search","response_code":200,"severity":"info","tags":["HTTParty"]}
I, [2025-04-04T14:07:24.289703 #11882]  INFO -- : {"@timestamp":"2025-04-04 14:07:24 -0400","@version":1,"content_length":"-","http_method":"GET","message":"[HTTParty] 200 \"GET https://api-na.hosted.exlibrisgroup.com/primo/v1/search\" - ","path":"https://api-na.hosted.exlibrisgroup.com/primo/v1/search","response_code":200,"severity":"info","tags":["HTTParty"]}
I, [2025-04-04T14:07:24.298330 #11882]  INFO -- : {"@timestamp":"2025-04-04 14:07:24 -0400","@version":1,"content_length":"-","http_method":"GET","message":"[HTTParty] 200 \"GET https://api-na.hosted.exlibrisgroup.com/primo/v1/search\" - ","path":"https://api-na.hosted.exlibrisgroup.com/primo/v1/search","response_code":200,"severity":"info","tags":["HTTParty"]}
I, [2025-04-04T14:07:24.304212 #11882]  INFO -- : {"@timestamp":"2025-04-04 14:07:24 -0400","@version":1,"content_length":"-","http_method":"GET","message":"[HTTParty] 200 \"GET https://api-na.hosted.exlibrisgroup.com/primo/v1/search\" - ","path":"https://api-na.hosted.exlibrisgroup.com/primo/v1/search","response_code":200,"severity":"info","tags":["HTTParty"]}
I, [2025-04-04T14:07:24.311727 #11882]  INFO -- : {"@timestamp":"2025-04-04 14:07:24 -0400","@version":1,"content_length":"-","http_method":"GET","message":"[HTTParty] 200 \"GET https://api-na.hosted.exlibrisgroup.com/primo/v1/search\" - ","path":"https://api-na.hosted.exlibrisgroup.com/primo/v1/search","response_code":200,"severity":"info","tags":["HTTParty"]}
I, [2025-04-04T14:07:24.324064 #11882]  INFO -- : {"@timestamp":"2025-04-04 14:07:24 -0400","@version":1,"content_length":"-","http_method":"GET","message":"[HTTParty] 200 \"GET https://api-na.hosted.exlibrisgroup.com/primo/v1/search\" - ","path":"https://api-na.hosted.exlibrisgroup.com/primo/v1/search","response_code":200,"severity":"info","tags":["HTTParty"]}
I, [2025-04-04T14:07:24.325209 #11882]  INFO -- : {"@timestamp":"2025-04-04 14:07:24 -0400","@version":1,"content_length":"-","http_method":"GET","message":"[HTTParty] 200 \"GET https://api-na.hosted.exlibrisgroup.com/primo/v1/search\" - ","path":"https://api-na.hosted.exlibrisgroup.com/primo/v1/search","response_code":200,"severity":"info","tags":["HTTParty"]}
I, [2025-04-04T14:07:24.326359 #11882]  INFO -- : {"@timestamp":"2025-04-04 14:07:24 -0400","@version":1,"content_length":"-","http_method":"GET","message":"[HTTParty] 200 \"GET https://api-na.hosted.exlibrisgroup.com/primo/v1/search\" - ","path":"https://api-na.hosted.exlibrisgroup.com/primo/v1/search","response_code":200,"severity":"info","tags":["HTTParty"]}
I, [2025-04-04T14:07:24.327409 #11882]  INFO -- : {"@timestamp":"2025-04-04 14:07:24 -0400","@version":1,"content_length":"-","http_method":"GET","message":"[HTTParty] 200 \"GET https://api-na.hosted.exlibrisgroup.com/primo/v1/search\" - ","path":"https://api-na.hosted.exlibrisgroup.com/primo/v1/search","response_code":200,"severity":"info","tags":["HTTParty"]}
